-------------------------------------------------------------------------------
Test set: com.sg.dvdlibrary.service.DVDLibraryServiceLayerTest
-------------------------------------------------------------------------------
Tests run: 10, Failures: 1, Errors: 0, Skipped: 0, Time elapsed: 0.009 sec <<< FAILURE! - in com.sg.dvdlibrary.service.DVDLibraryServiceLayerTest
testCreateDVDInvalidData(com.sg.dvdlibrary.service.DVDLibraryServiceLayerTest)  Time elapsed: 0.002 sec  <<< FAILURE!
java.lang.AssertionError: Expected DVDLibraryDataValidationException to be thrown, but wasn't
	at org.junit.Assert.fail(Assert.java:88)
	at com.sg.dvdlibrary.service.DVDLibraryServiceLayerTest.testCreateDVDInvalidData(DVDLibraryServiceLayerTest.java:61)

